0 info it worked if it ends with ok
1 verbose cli [ 'C:\\Program Files\\nodejs\\\\node.exe',
1 verbose cli   'C:\\Program Files\\nodejs\\node_modules\\npm\\bin\\npm-cli.js',
1 verbose cli   'link' ]
2 info using npm@2.9.1
3 info using node@v0.12.3
4 verbose node symlink C:\Program Files\nodejs\\node.exe
5 verbose linkPkg C:\MyProject\lark\Lark
6 silly gentlyRm C:\Users\Administrator\AppData\Roaming\npm\node_modules\lark is being purged
7 verbose gentlyRm don't care about contents; nuking C:\Users\Administrator\AppData\Roaming\npm\node_modules\lark
8 silly vacuum-fs purging C:\Users\Administrator\AppData\Roaming\npm\node_modules\lark
9 verbose stack Error: EBUSY, rmdir 'C:\Users\Administrator\AppData\Roaming\npm\node_modules\lark'
9 verbose stack     at Error (native)
10 verbose cwd C:\MyProject\lark\Lark
11 error Windows_NT 6.3.9600
12 error argv "C:\\Program Files\\nodejs\\\\node.exe" "C:\\Program Files\\nodejs\\node_modules\\npm\\bin\\npm-cli.js" "link"
13 error node v0.12.3
14 error npm  v2.9.1
15 error path C:\Users\Administrator\AppData\Roaming\npm\node_modules\lark
16 error code EBUSY
17 error errno -4082
18 error EBUSY, rmdir 'C:\Users\Administrator\AppData\Roaming\npm\node_modules\lark'
19 error If you need help, you may report this error at:
19 error     <https://github.com/npm/npm/issues>
20 verbose exit [ -4082, true ]
